2025-12-09 13:28:12 - src.evaluation.evaluation - INFO - ARIMA/VAR: No gap data provided, using absolute horizons [49, 50, 51, 52, 53, 54, 55, 56, 57, 58, 59, 60, 61, 62, 63, 64, 65, 66, 67, 68, 69, 70] from train_end
2025-12-09 13:28:12 - src.evaluation.evaluation - INFO - Recursive prediction for ARIMA(1,1,1): predicting 22 horizons sequentially
/data/nowcasting-kr/.venv/lib/python3.12/site-packages/sktime/forecasting/base/_fh.py:863: FutureWarning: 'M' is deprecated and will be removed in a future version, please use 'ME' instead.
  return r * to_offset(fh.freq)
/data/nowcasting-kr/.venv/lib/python3.12/site-packages/sktime/forecasting/base/_fh.py:877: FutureWarning: 'M' is deprecated and will be removed in a future version, please use 'ME' instead.
  absolute = pd.DatetimeIndex(absolute, freq=fh.freq)
/data/nowcasting-kr/.venv/lib/python3.12/site-packages/sktime/forecasting/base/_fh.py:863: FutureWarning: 'M' is deprecated and will be removed in a future version, please use 'ME' instead.
  return r * to_offset(fh.freq)
/data/nowcasting-kr/.venv/lib/python3.12/site-packages/sktime/forecasting/base/_fh.py:877: FutureWarning: 'M' is deprecated and will be removed in a future version, please use 'ME' instead.
  absolute = pd.DatetimeIndex(absolute, freq=fh.freq)
/data/nowcasting-kr/.venv/lib/python3.12/site-packages/sktime/forecasting/base/_fh.py:863: FutureWarning: 'M' is deprecated and will be removed in a future version, please use 'ME' instead.
  return r * to_offset(fh.freq)
/data/nowcasting-kr/.venv/lib/python3.12/site-packages/sktime/forecasting/base/_fh.py:877: FutureWarning: 'M' is deprecated and will be removed in a future version, please use 'ME' instead.
  absolute = pd.DatetimeIndex(absolute, freq=fh.freq)
/data/nowcasting-kr/.venv/lib/python3.12/site-packages/sktime/forecasting/base/_fh.py:863: FutureWarning: 'M' is deprecated and will be removed in a future version, please use 'ME' instead.
  return r * to_offset(fh.freq)
/data/nowcasting-kr/.venv/lib/python3.12/site-packages/sktime/forecasting/base/_fh.py:877: FutureWarning: 'M' is deprecated and will be removed in a future version, please use 'ME' instead.
  absolute = pd.DatetimeIndex(absolute, freq=fh.freq)
/data/nowcasting-kr/.venv/lib/python3.12/site-packages/sktime/forecasting/base/_fh.py:863: FutureWarning: 'M' is deprecated and will be removed in a future version, please use 'ME' instead.
  return r * to_offset(fh.freq)
/data/nowcasting-kr/.venv/lib/python3.12/site-packages/sktime/forecasting/base/_fh.py:877: FutureWarning: 'M' is deprecated and will be removed in a future version, please use 'ME' instead.
  absolute = pd.DatetimeIndex(absolute, freq=fh.freq)
/data/nowcasting-kr/.venv/lib/python3.12/site-packages/sktime/forecasting/base/_fh.py:863: FutureWarning: 'M' is deprecated and will be removed in a future version, please use 'ME' instead.
  return r * to_offset(fh.freq)
/data/nowcasting-kr/.venv/lib/python3.12/site-packages/sktime/forecasting/base/_fh.py:877: FutureWarning: 'M' is deprecated and will be removed in a future version, please use 'ME' instead.
  absolute = pd.DatetimeIndex(absolute, freq=fh.freq)
/data/nowcasting-kr/.venv/lib/python3.12/site-packages/sktime/forecasting/base/_fh.py:863: FutureWarning: 'M' is deprecated and will be removed in a future version, please use 'ME' instead.
  return r * to_offset(fh.freq)
/data/nowcasting-kr/.venv/lib/python3.12/site-packages/sktime/forecasting/base/_fh.py:877: FutureWarning: 'M' is deprecated and will be removed in a future version, please use 'ME' instead.
  absolute = pd.DatetimeIndex(absolute, freq=fh.freq)
/data/nowcasting-kr/.venv/lib/python3.12/site-packages/sktime/forecasting/base/_fh.py:863: FutureWarning: 'M' is deprecated and will be removed in a future version, please use 'ME' instead.
  return r * to_offset(fh.freq)
/data/nowcasting-kr/.venv/lib/python3.12/site-packages/sktime/forecasting/base/_fh.py:877: FutureWarning: 'M' is deprecated and will be removed in a future version, please use 'ME' instead.
  absolute = pd.DatetimeIndex(absolute, freq=fh.freq)
/data/nowcasting-kr/.venv/lib/python3.12/site-packages/sktime/forecasting/base/_fh.py:863: FutureWarning: 'M' is deprecated and will be removed in a future version, please use 'ME' instead.
  return r * to_offset(fh.freq)
/data/nowcasting-kr/.venv/lib/python3.12/site-packages/sktime/forecasting/base/_fh.py:877: FutureWarning: 'M' is deprecated and will be removed in a future version, please use 'ME' instead.
  absolute = pd.DatetimeIndex(absolute, freq=fh.freq)
/data/nowcasting-kr/.venv/lib/python3.12/site-packages/sktime/forecasting/base/_fh.py:863: FutureWarning: 'M' is deprecated and will be removed in a future version, please use 'ME' instead.
  return r * to_offset(fh.freq)
/data/nowcasting-kr/.venv/lib/python3.12/site-packages/sktime/forecasting/base/_fh.py:877: FutureWarning: 'M' is deprecated and will be removed in a future version, please use 'ME' instead.
  absolute = pd.DatetimeIndex(absolute, freq=fh.freq)
/data/nowcasting-kr/.venv/lib/python3.12/site-packages/sktime/forecasting/base/_fh.py:863: FutureWarning: 'M' is deprecated and will be removed in a future version, please use 'ME' instead.
  return r * to_offset(fh.freq)
/data/nowcasting-kr/.venv/lib/python3.12/site-packages/sktime/forecasting/base/_fh.py:877: FutureWarning: 'M' is deprecated and will be removed in a future version, please use 'ME' instead.
  absolute = pd.DatetimeIndex(absolute, freq=fh.freq)
/data/nowcasting-kr/.venv/lib/python3.12/site-packages/sktime/forecasting/base/_fh.py:863: FutureWarning: 'M' is deprecated and will be removed in a future version, please use 'ME' instead.
  return r * to_offset(fh.freq)
/data/nowcasting-kr/.venv/lib/python3.12/site-packages/sktime/forecasting/base/_fh.py:877: FutureWarning: 'M' is deprecated and will be removed in a future version, please use 'ME' instead.
  absolute = pd.DatetimeIndex(absolute, freq=fh.freq)
/data/nowcasting-kr/.venv/lib/python3.12/site-packages/sktime/forecasting/base/_fh.py:863: FutureWarning: 'M' is deprecated and will be removed in a future version, please use 'ME' instead.
  return r * to_offset(fh.freq)
/data/nowcasting-kr/.venv/lib/python3.12/site-packages/sktime/forecasting/base/_fh.py:877: FutureWarning: 'M' is deprecated and will be removed in a future version, please use 'ME' instead.
  absolute = pd.DatetimeIndex(absolute, freq=fh.freq)
/data/nowcasting-kr/.venv/lib/python3.12/site-packages/sktime/forecasting/base/_fh.py:863: FutureWarning: 'M' is deprecated and will be removed in a future version, please use 'ME' instead.
  return r * to_offset(fh.freq)
/data/nowcasting-kr/.venv/lib/python3.12/site-packages/sktime/forecasting/base/_fh.py:877: FutureWarning: 'M' is deprecated and will be removed in a future version, please use 'ME' instead.
  absolute = pd.DatetimeIndex(absolute, freq=fh.freq)
/data/nowcasting-kr/.venv/lib/python3.12/site-packages/sktime/forecasting/base/_fh.py:863: FutureWarning: 'M' is deprecated and will be removed in a future version, please use 'ME' instead.
  return r * to_offset(fh.freq)
/data/nowcasting-kr/.venv/lib/python3.12/site-packages/sktime/forecasting/base/_fh.py:877: FutureWarning: 'M' is deprecated and will be removed in a future version, please use 'ME' instead.
  absolute = pd.DatetimeIndex(absolute, freq=fh.freq)
/data/nowcasting-kr/.venv/lib/python3.12/site-packages/sktime/forecasting/base/_fh.py:863: FutureWarning: 'M' is deprecated and will be removed in a future version, please use 'ME' instead.
  return r * to_offset(fh.freq)
/data/nowcasting-kr/.venv/lib/python3.12/site-packages/sktime/forecasting/base/_fh.py:877: FutureWarning: 'M' is deprecated and will be removed in a future version, please use 'ME' instead.
  absolute = pd.DatetimeIndex(absolute, freq=fh.freq)
/data/nowcasting-kr/.venv/lib/python3.12/site-packages/sktime/forecasting/base/_fh.py:863: FutureWarning: 'M' is deprecated and will be removed in a future version, please use 'ME' instead.
  return r * to_offset(fh.freq)
/data/nowcasting-kr/.venv/lib/python3.12/site-packages/sktime/forecasting/base/_fh.py:877: FutureWarning: 'M' is deprecated and will be removed in a future version, please use 'ME' instead.
  absolute = pd.DatetimeIndex(absolute, freq=fh.freq)
/data/nowcasting-kr/.venv/lib/python3.12/site-packages/sktime/forecasting/base/_fh.py:863: FutureWarning: 'M' is deprecated and will be removed in a future version, please use 'ME' instead.
  return r * to_offset(fh.freq)
/data/nowcasting-kr/.venv/lib/python3.12/site-packages/sktime/forecasting/base/_fh.py:877: FutureWarning: 'M' is deprecated and will be removed in a future version, please use 'ME' instead.
  absolute = pd.DatetimeIndex(absolute, freq=fh.freq)
/data/nowcasting-kr/.venv/lib/python3.12/site-packages/sktime/forecasting/base/_fh.py:863: FutureWarning: 'M' is deprecated and will be removed in a future version, please use 'ME' instead.
  return r * to_offset(fh.freq)
/data/nowcasting-kr/.venv/lib/python3.12/site-packages/sktime/forecasting/base/_fh.py:877: FutureWarning: 'M' is deprecated and will be removed in a future version, please use 'ME' instead.
  absolute = pd.DatetimeIndex(absolute, freq=fh.freq)
/data/nowcasting-kr/.venv/lib/python3.12/site-packages/sktime/forecasting/base/_fh.py:863: FutureWarning: 'M' is deprecated and will be removed in a future version, please use 'ME' instead.
  return r * to_offset(fh.freq)
/data/nowcasting-kr/.venv/lib/python3.12/site-packages/sktime/forecasting/base/_fh.py:877: FutureWarning: 'M' is deprecated and will be removed in a future version, please use 'ME' instead.
  absolute = pd.DatetimeIndex(absolute, freq=fh.freq)
/data/nowcasting-kr/.venv/lib/python3.12/site-packages/sktime/forecasting/base/_fh.py:863: FutureWarning: 'M' is deprecated and will be removed in a future version, please use 'ME' instead.
  return r * to_offset(fh.freq)
/data/nowcasting-kr/.venv/lib/python3.12/site-packages/sktime/forecasting/base/_fh.py:877: FutureWarning: 'M' is deprecated and will be removed in a future version, please use 'ME' instead.
  absolute = pd.DatetimeIndex(absolute, freq=fh.freq)
/data/nowcasting-kr/.venv/lib/python3.12/site-packages/sktime/forecasting/base/_fh.py:863: FutureWarning: 'M' is deprecated and will be removed in a future version, please use 'ME' instead.
  return r * to_offset(fh.freq)
/data/nowcasting-kr/.venv/lib/python3.12/site-packages/sktime/forecasting/base/_fh.py:877: FutureWarning: 'M' is deprecated and will be removed in a future version, please use 'ME' instead.
  absolute = pd.DatetimeIndex(absolute, freq=fh.freq)
/data/nowcasting-kr/.venv/lib/python3.12/site-packages/sktime/forecasting/base/_fh.py:863: FutureWarning: 'M' is deprecated and will be removed in a future version, please use 'ME' instead.
  return r * to_offset(fh.freq)
/data/nowcasting-kr/.venv/lib/python3.12/site-packages/sktime/forecasting/base/_fh.py:877: FutureWarning: 'M' is deprecated and will be removed in a future version, please use 'ME' instead.
  absolute = pd.DatetimeIndex(absolute, freq=fh.freq)
/data/nowcasting-kr/.venv/lib/python3.12/site-packages/sktime/forecasting/base/_fh.py:863: FutureWarning: 'M' is deprecated and will be removed in a future version, please use 'ME' instead.
  return r * to_offset(fh.freq)
/data/nowcasting-kr/.venv/lib/python3.12/site-packages/sktime/forecasting/base/_fh.py:877: FutureWarning: 'M' is deprecated and will be removed in a future version, please use 'ME' instead.
  absolute = pd.DatetimeIndex(absolute, freq=fh.freq)
/data/nowcasting-kr/.venv/lib/python3.12/site-packages/sktime/forecasting/base/_fh.py:863: FutureWarning: 'M' is deprecated and will be removed in a future version, please use 'ME' instead.
  return r * to_offset(fh.freq)
/data/nowcasting-kr/.venv/lib/python3.12/site-packages/sktime/forecasting/base/_fh.py:877: FutureWarning: 'M' is deprecated and will be removed in a future version, please use 'ME' instead.
  absolute = pd.DatetimeIndex(absolute, freq=fh.freq)
/data/nowcasting-kr/.venv/lib/python3.12/site-packages/sktime/forecasting/base/_fh.py:863: FutureWarning: 'M' is deprecated and will be removed in a future version, please use 'ME' instead.
  return r * to_offset(fh.freq)
/data/nowcasting-kr/.venv/lib/python3.12/site-packages/sktime/forecasting/base/_fh.py:877: FutureWarning: 'M' is deprecated and will be removed in a future version, please use 'ME' instead.
  absolute = pd.DatetimeIndex(absolute, freq=fh.freq)
/data/nowcasting-kr/.venv/lib/python3.12/site-packages/sktime/forecasting/base/_fh.py:863: FutureWarning: 'M' is deprecated and will be removed in a future version, please use 'ME' instead.
  return r * to_offset(fh.freq)
/data/nowcasting-kr/.venv/lib/python3.12/site-packages/sktime/forecasting/base/_fh.py:877: FutureWarning: 'M' is deprecated and will be removed in a future version, please use 'ME' instead.
  absolute = pd.DatetimeIndex(absolute, freq=fh.freq)
/data/nowcasting-kr/.venv/lib/python3.12/site-packages/sktime/forecasting/base/_fh.py:863: FutureWarning: 'M' is deprecated and will be removed in a future version, please use 'ME' instead.
  return r * to_offset(fh.freq)
/data/nowcasting-kr/.venv/lib/python3.12/site-packages/sktime/forecasting/base/_fh.py:877: FutureWarning: 'M' is deprecated and will be removed in a future version, please use 'ME' instead.
  absolute = pd.DatetimeIndex(absolute, freq=fh.freq)
/data/nowcasting-kr/.venv/lib/python3.12/site-packages/sktime/forecasting/base/_fh.py:863: FutureWarning: 'M' is deprecated and will be removed in a future version, please use 'ME' instead.
  return r * to_offset(fh.freq)
/data/nowcasting-kr/.venv/lib/python3.12/site-packages/sktime/forecasting/base/_fh.py:877: FutureWarning: 'M' is deprecated and will be removed in a future version, please use 'ME' instead.
  absolute = pd.DatetimeIndex(absolute, freq=fh.freq)
/data/nowcasting-kr/.venv/lib/python3.12/site-packages/sktime/forecasting/base/_fh.py:863: FutureWarning: 'M' is deprecated and will be removed in a future version, please use 'ME' instead.
  return r * to_offset(fh.freq)
/data/nowcasting-kr/.venv/lib/python3.12/site-packages/sktime/forecasting/base/_fh.py:877: FutureWarning: 'M' is deprecated and will be removed in a future version, please use 'ME' instead.
  absolute = pd.DatetimeIndex(absolute, freq=fh.freq)
/data/nowcasting-kr/.venv/lib/python3.12/site-packages/sktime/forecasting/base/_fh.py:863: FutureWarning: 'M' is deprecated and will be removed in a future version, please use 'ME' instead.
  return r * to_offset(fh.freq)
/data/nowcasting-kr/.venv/lib/python3.12/site-packages/sktime/forecasting/base/_fh.py:877: FutureWarning: 'M' is deprecated and will be removed in a future version, please use 'ME' instead.
  absolute = pd.DatetimeIndex(absolute, freq=fh.freq)
/data/nowcasting-kr/.venv/lib/python3.12/site-packages/sktime/forecasting/base/_fh.py:863: FutureWarning: 'M' is deprecated and will be removed in a future version, please use 'ME' instead.
  return r * to_offset(fh.freq)
/data/nowcasting-kr/.venv/lib/python3.12/site-packages/sktime/forecasting/base/_fh.py:877: FutureWarning: 'M' is deprecated and will be removed in a future version, please use 'ME' instead.
  absolute = pd.DatetimeIndex(absolute, freq=fh.freq)
/data/nowcasting-kr/.venv/lib/python3.12/site-packages/sktime/forecasting/base/_fh.py:863: FutureWarning: 'M' is deprecated and will be removed in a future version, please use 'ME' instead.
  return r * to_offset(fh.freq)
/data/nowcasting-kr/.venv/lib/python3.12/site-packages/sktime/forecasting/base/_fh.py:877: FutureWarning: 'M' is deprecated and will be removed in a future version, please use 'ME' instead.
  absolute = pd.DatetimeIndex(absolute, freq=fh.freq)
/data/nowcasting-kr/.venv/lib/python3.12/site-packages/sktime/forecasting/base/_fh.py:863: FutureWarning: 'M' is deprecated and will be removed in a future version, please use 'ME' instead.
  return r * to_offset(fh.freq)
/data/nowcasting-kr/.venv/lib/python3.12/site-packages/sktime/forecasting/base/_fh.py:877: FutureWarning: 'M' is deprecated and will be removed in a future version, please use 'ME' instead.
  absolute = pd.DatetimeIndex(absolute, freq=fh.freq)
/data/nowcasting-kr/.venv/lib/python3.12/site-packages/sktime/forecasting/base/_fh.py:863: FutureWarning: 'M' is deprecated and will be removed in a future version, please use 'ME' instead.
  return r * to_offset(fh.freq)
/data/nowcasting-kr/.venv/lib/python3.12/site-packages/sktime/forecasting/base/_fh.py:877: FutureWarning: 'M' is deprecated and will be removed in a future version, please use 'ME' instead.
  absolute = pd.DatetimeIndex(absolute, freq=fh.freq)
/data/nowcasting-kr/.venv/lib/python3.12/site-packages/sktime/forecasting/base/_fh.py:863: FutureWarning: 'M' is deprecated and will be removed in a future version, please use 'ME' instead.
  return r * to_offset(fh.freq)
/data/nowcasting-kr/.venv/lib/python3.12/site-packages/sktime/forecasting/base/_fh.py:877: FutureWarning: 'M' is deprecated and will be removed in a future version, please use 'ME' instead.
  absolute = pd.DatetimeIndex(absolute, freq=fh.freq)
/data/nowcasting-kr/.venv/lib/python3.12/site-packages/sktime/forecasting/base/_fh.py:863: FutureWarning: 'M' is deprecated and will be removed in a future version, please use 'ME' instead.
  return r * to_offset(fh.freq)
/data/nowcasting-kr/.venv/lib/python3.12/site-packages/sktime/forecasting/base/_fh.py:877: FutureWarning: 'M' is deprecated and will be removed in a future version, please use 'ME' instead.
  absolute = pd.DatetimeIndex(absolute, freq=fh.freq)
/data/nowcasting-kr/.venv/lib/python3.12/site-packages/sktime/forecasting/base/_fh.py:863: FutureWarning: 'M' is deprecated and will be removed in a future version, please use 'ME' instead.
  return r * to_offset(fh.freq)
/data/nowcasting-kr/.venv/lib/python3.12/site-packages/sktime/forecasting/base/_fh.py:877: FutureWarning: 'M' is deprecated and will be removed in a future version, please use 'ME' instead.
  absolute = pd.DatetimeIndex(absolute, freq=fh.freq)
/data/nowcasting-kr/.venv/lib/python3.12/site-packages/sktime/forecasting/base/_fh.py:863: FutureWarning: 'M' is deprecated and will be removed in a future version, please use 'ME' instead.
  return r * to_offset(fh.freq)
/data/nowcasting-kr/.venv/lib/python3.12/site-packages/sktime/forecasting/base/_fh.py:877: FutureWarning: 'M' is deprecated and will be removed in a future version, please use 'ME' instead.
  absolute = pd.DatetimeIndex(absolute, freq=fh.freq)
/data/nowcasting-kr/.venv/lib/python3.12/site-packages/sktime/forecasting/base/_fh.py:863: FutureWarning: 'M' is deprecated and will be removed in a future version, please use 'ME' instead.
  return r * to_offset(fh.freq)
/data/nowcasting-kr/.venv/lib/python3.12/site-packages/sktime/forecasting/base/_fh.py:877: FutureWarning: 'M' is deprecated and will be removed in a future version, please use 'ME' instead.
  absolute = pd.DatetimeIndex(absolute, freq=fh.freq)
/data/nowcasting-kr/.venv/lib/python3.12/site-packages/sktime/forecasting/base/_fh.py:863: FutureWarning: 'M' is deprecated and will be removed in a future version, please use 'ME' instead.
  return r * to_offset(fh.freq)
/data/nowcasting-kr/.venv/lib/python3.12/site-packages/sktime/forecasting/base/_fh.py:877: FutureWarning: 'M' is deprecated and will be removed in a future version, please use 'ME' instead.
  absolute = pd.DatetimeIndex(absolute, freq=fh.freq)
/data/nowcasting-kr/.venv/lib/python3.12/site-packages/sktime/forecasting/base/_fh.py:863: FutureWarning: 'M' is deprecated and will be removed in a future version, please use 'ME' instead.
  return r * to_offset(fh.freq)
/data/nowcasting-kr/.venv/lib/python3.12/site-packages/sktime/forecasting/base/_fh.py:877: FutureWarning: 'M' is deprecated and will be removed in a future version, please use 'ME' instead.
  absolute = pd.DatetimeIndex(absolute, freq=fh.freq)
/data/nowcasting-kr/.venv/lib/python3.12/site-packages/sktime/forecasting/base/_fh.py:863: FutureWarning: 'M' is deprecated and will be removed in a future version, please use 'ME' instead.
  return r * to_offset(fh.freq)
/data/nowcasting-kr/.venv/lib/python3.12/site-packages/sktime/forecasting/base/_fh.py:877: FutureWarning: 'M' is deprecated and will be removed in a future version, please use 'ME' instead.
  absolute = pd.DatetimeIndex(absolute, freq=fh.freq)
/data/nowcasting-kr/.venv/lib/python3.12/site-packages/sktime/forecasting/base/_fh.py:863: FutureWarning: 'M' is deprecated and will be removed in a future version, please use 'ME' instead.
  return r * to_offset(fh.freq)
/data/nowcasting-kr/.venv/lib/python3.12/site-packages/sktime/forecasting/base/_fh.py:877: FutureWarning: 'M' is deprecated and will be removed in a future version, please use 'ME' instead.
  absolute = pd.DatetimeIndex(absolute, freq=fh.freq)
/data/nowcasting-kr/.venv/lib/python3.12/site-packages/sktime/forecasting/base/_fh.py:863: FutureWarning: 'M' is deprecated and will be removed in a future version, please use 'ME' instead.
  return r * to_offset(fh.freq)
/data/nowcasting-kr/.venv/lib/python3.12/site-packages/sktime/forecasting/base/_fh.py:877: FutureWarning: 'M' is deprecated and will be removed in a future version, please use 'ME' instead.
  absolute = pd.DatetimeIndex(absolute, freq=fh.freq)
/data/nowcasting-kr/.venv/lib/python3.12/site-packages/sktime/forecasting/base/_fh.py:863: FutureWarning: 'M' is deprecated and will be removed in a future version, please use 'ME' instead.
  return r * to_offset(fh.freq)
/data/nowcasting-kr/.venv/lib/python3.12/site-packages/sktime/forecasting/base/_fh.py:877: FutureWarning: 'M' is deprecated and will be removed in a future version, please use 'ME' instead.
  absolute = pd.DatetimeIndex(absolute, freq=fh.freq)
/data/nowcasting-kr/.venv/lib/python3.12/site-packages/sktime/forecasting/base/_fh.py:863: FutureWarning: 'M' is deprecated and will be removed in a future version, please use 'ME' instead.
  return r * to_offset(fh.freq)
/data/nowcasting-kr/.venv/lib/python3.12/site-packages/sktime/forecasting/base/_fh.py:877: FutureWarning: 'M' is deprecated and will be removed in a future version, please use 'ME' instead.
  absolute = pd.DatetimeIndex(absolute, freq=fh.freq)
/data/nowcasting-kr/.venv/lib/python3.12/site-packages/sktime/forecasting/base/_fh.py:863: FutureWarning: 'M' is deprecated and will be removed in a future version, please use 'ME' instead.
  return r * to_offset(fh.freq)
/data/nowcasting-kr/.venv/lib/python3.12/site-packages/sktime/forecasting/base/_fh.py:877: FutureWarning: 'M' is deprecated and will be removed in a future version, please use 'ME' instead.
  absolute = pd.DatetimeIndex(absolute, freq=fh.freq)
/data/nowcasting-kr/.venv/lib/python3.12/site-packages/sktime/forecasting/base/_fh.py:863: FutureWarning: 'M' is deprecated and will be removed in a future version, please use 'ME' instead.
  return r * to_offset(fh.freq)
/data/nowcasting-kr/.venv/lib/python3.12/site-packages/sktime/forecasting/base/_fh.py:877: FutureWarning: 'M' is deprecated and will be removed in a future version, please use 'ME' instead.
  absolute = pd.DatetimeIndex(absolute, freq=fh.freq)
/data/nowcasting-kr/.venv/lib/python3.12/site-packages/sktime/forecasting/base/_fh.py:863: FutureWarning: 'M' is deprecated and will be removed in a future version, please use 'ME' instead.
  return r * to_offset(fh.freq)
/data/nowcasting-kr/.venv/lib/python3.12/site-packages/sktime/forecasting/base/_fh.py:877: FutureWarning: 'M' is deprecated and will be removed in a future version, please use 'ME' instead.
  absolute = pd.DatetimeIndex(absolute, freq=fh.freq)
/data/nowcasting-kr/.venv/lib/python3.12/site-packages/sktime/forecasting/base/_fh.py:863: FutureWarning: 'M' is deprecated and will be removed in a future version, please use 'ME' instead.
  return r * to_offset(fh.freq)
/data/nowcasting-kr/.venv/lib/python3.12/site-packages/sktime/forecasting/base/_fh.py:877: FutureWarning: 'M' is deprecated and will be removed in a future version, please use 'ME' instead.
  absolute = pd.DatetimeIndex(absolute, freq=fh.freq)
/data/nowcasting-kr/.venv/lib/python3.12/site-packages/sktime/forecasting/base/_fh.py:863: FutureWarning: 'M' is deprecated and will be removed in a future version, please use 'ME' instead.
  return r * to_offset(fh.freq)
/data/nowcasting-kr/.venv/lib/python3.12/site-packages/sktime/forecasting/base/_fh.py:877: FutureWarning: 'M' is deprecated and will be removed in a future version, please use 'ME' instead.
  absolute = pd.DatetimeIndex(absolute, freq=fh.freq)
/data/nowcasting-kr/.venv/lib/python3.12/site-packages/sktime/forecasting/base/_fh.py:863: FutureWarning: 'M' is deprecated and will be removed in a future version, please use 'ME' instead.
  return r * to_offset(fh.freq)
/data/nowcasting-kr/.venv/lib/python3.12/site-packages/sktime/forecasting/base/_fh.py:877: FutureWarning: 'M' is deprecated and will be removed in a future version, please use 'ME' instead.
  absolute = pd.DatetimeIndex(absolute, freq=fh.freq)
/data/nowcasting-kr/.venv/lib/python3.12/site-packages/sktime/forecasting/base/_fh.py:863: FutureWarning: 'M' is deprecated and will be removed in a future version, please use 'ME' instead.
  return r * to_offset(fh.freq)
/data/nowcasting-kr/.venv/lib/python3.12/site-packages/sktime/forecasting/base/_fh.py:877: FutureWarning: 'M' is deprecated and will be removed in a future version, please use 'ME' instead.
  absolute = pd.DatetimeIndex(absolute, freq=fh.freq)
/data/nowcasting-kr/.venv/lib/python3.12/site-packages/sktime/forecasting/base/_fh.py:863: FutureWarning: 'M' is deprecated and will be removed in a future version, please use 'ME' instead.
  return r * to_offset(fh.freq)
/data/nowcasting-kr/.venv/lib/python3.12/site-packages/sktime/forecasting/base/_fh.py:877: FutureWarning: 'M' is deprecated and will be removed in a future version, please use 'ME' instead.
  absolute = pd.DatetimeIndex(absolute, freq=fh.freq)
/data/nowcasting-kr/.venv/lib/python3.12/site-packages/sktime/forecasting/base/_fh.py:863: FutureWarning: 'M' is deprecated and will be removed in a future version, please use 'ME' instead.
  return r * to_offset(fh.freq)
/data/nowcasting-kr/.venv/lib/python3.12/site-packages/sktime/forecasting/base/_fh.py:877: FutureWarning: 'M' is deprecated and will be removed in a future version, please use 'ME' instead.
  absolute = pd.DatetimeIndex(absolute, freq=fh.freq)
/data/nowcasting-kr/.venv/lib/python3.12/site-packages/sktime/forecasting/base/_fh.py:863: FutureWarning: 'M' is deprecated and will be removed in a future version, please use 'ME' instead.
  return r * to_offset(fh.freq)
/data/nowcasting-kr/.venv/lib/python3.12/site-packages/sktime/forecasting/base/_fh.py:877: FutureWarning: 'M' is deprecated and will be removed in a future version, please use 'ME' instead.
  absolute = pd.DatetimeIndex(absolute, freq=fh.freq)
/data/nowcasting-kr/.venv/lib/python3.12/site-packages/sktime/forecasting/base/_fh.py:863: FutureWarning: 'M' is deprecated and will be removed in a future version, please use 'ME' instead.
  return r * to_offset(fh.freq)
/data/nowcasting-kr/.venv/lib/python3.12/site-packages/sktime/forecasting/base/_fh.py:877: FutureWarning: 'M' is deprecated and will be removed in a future version, please use 'ME' instead.
  absolute = pd.DatetimeIndex(absolute, freq=fh.freq)
/data/nowcasting-kr/.venv/lib/python3.12/site-packages/sktime/forecasting/base/_fh.py:863: FutureWarning: 'M' is deprecated and will be removed in a future version, please use 'ME' instead.
  return r * to_offset(fh.freq)
/data/nowcasting-kr/.venv/lib/python3.12/site-packages/sktime/forecasting/base/_fh.py:877: FutureWarning: 'M' is deprecated and will be removed in a future version, please use 'ME' instead.
  absolute = pd.DatetimeIndex(absolute, freq=fh.freq)
/data/nowcasting-kr/.venv/lib/python3.12/site-packages/sktime/forecasting/base/_fh.py:863: FutureWarning: 'M' is deprecated and will be removed in a future version, please use 'ME' instead.
  return r * to_offset(fh.freq)
/data/nowcasting-kr/.venv/lib/python3.12/site-packages/sktime/forecasting/base/_fh.py:877: FutureWarning: 'M' is deprecated and will be removed in a future version, please use 'ME' instead.
  absolute = pd.DatetimeIndex(absolute, freq=fh.freq)
/data/nowcasting-kr/.venv/lib/python3.12/site-packages/sktime/forecasting/base/_fh.py:863: FutureWarning: 'M' is deprecated and will be removed in a future version, please use 'ME' instead.
  return r * to_offset(fh.freq)
/data/nowcasting-kr/.venv/lib/python3.12/site-packages/sktime/forecasting/base/_fh.py:877: FutureWarning: 'M' is deprecated and will be removed in a future version, please use 'ME' instead.
  absolute = pd.DatetimeIndex(absolute, freq=fh.freq)
/data/nowcasting-kr/.venv/lib/python3.12/site-packages/sktime/forecasting/base/_fh.py:863: FutureWarning: 'M' is deprecated and will be removed in a future version, please use 'ME' instead.
  return r * to_offset(fh.freq)
/data/nowcasting-kr/.venv/lib/python3.12/site-packages/sktime/forecasting/base/_fh.py:877: FutureWarning: 'M' is deprecated and will be removed in a future version, please use 'ME' instead.
  absolute = pd.DatetimeIndex(absolute, freq=fh.freq)
/data/nowcasting-kr/.venv/lib/python3.12/site-packages/sktime/forecasting/base/_fh.py:863: FutureWarning: 'M' is deprecated and will be removed in a future version, please use 'ME' instead.
  return r * to_offset(fh.freq)
/data/nowcasting-kr/.venv/lib/python3.12/site-packages/sktime/forecasting/base/_fh.py:877: FutureWarning: 'M' is deprecated and will be removed in a future version, please use 'ME' instead.
  absolute = pd.DatetimeIndex(absolute, freq=fh.freq)
/data/nowcasting-kr/.venv/lib/python3.12/site-packages/sktime/forecasting/base/_fh.py:863: FutureWarning: 'M' is deprecated and will be removed in a future version, please use 'ME' instead.
  return r * to_offset(fh.freq)
/data/nowcasting-kr/.venv/lib/python3.12/site-packages/sktime/forecasting/base/_fh.py:877: FutureWarning: 'M' is deprecated and will be removed in a future version, please use 'ME' instead.
  absolute = pd.DatetimeIndex(absolute, freq=fh.freq)
/data/nowcasting-kr/.venv/lib/python3.12/site-packages/sktime/forecasting/base/_fh.py:863: FutureWarning: 'M' is deprecated and will be removed in a future version, please use 'ME' instead.
  return r * to_offset(fh.freq)
/data/nowcasting-kr/.venv/lib/python3.12/site-packages/sktime/forecasting/base/_fh.py:877: FutureWarning: 'M' is deprecated and will be removed in a future version, please use 'ME' instead.
  absolute = pd.DatetimeIndex(absolute, freq=fh.freq)
/data/nowcasting-kr/.venv/lib/python3.12/site-packages/sktime/forecasting/base/_fh.py:863: FutureWarning: 'M' is deprecated and will be removed in a future version, please use 'ME' instead.
  return r * to_offset(fh.freq)
/data/nowcasting-kr/.venv/lib/python3.12/site-packages/sktime/forecasting/base/_fh.py:877: FutureWarning: 'M' is deprecated and will be removed in a future version, please use 'ME' instead.
  absolute = pd.DatetimeIndex(absolute, freq=fh.freq)
2025-12-09 13:28:13 - src.evaluation.evaluation - INFO - Horizon 1: Using prediction from batch, type=<class 'pandas.core.series.Series'>, shape=(1,), length=1
2025-12-09 13:28:13 - src.evaluation.evaluation - INFO - Horizon 1: test_pos=0, y_test length=22, y_test type=<class 'pandas.core.frame.DataFrame'>, y_test shape=(22, 117)
2025-12-09 13:28:13 - src.evaluation.evaluation - INFO - Horizon 1: After extraction - has_pred=True, has_true=True
2025-12-09 13:28:13 - src.evaluation.evaluation - INFO - Horizon 2: Using prediction from batch, type=<class 'pandas.core.series.Series'>, shape=(1,), length=1
2025-12-09 13:28:13 - src.evaluation.evaluation - INFO - Horizon 2: test_pos=1, y_test length=22, y_test type=<class 'pandas.core.frame.DataFrame'>, y_test shape=(22, 117)
2025-12-09 13:28:13 - src.evaluation.evaluation - INFO - Horizon 2: After extraction - has_pred=True, has_true=True
2025-12-09 13:28:13 - src.evaluation.evaluation - INFO - Horizon 3: Using prediction from batch, type=<class 'pandas.core.series.Series'>, shape=(1,), length=1
2025-12-09 13:28:13 - src.evaluation.evaluation - INFO - Horizon 3: test_pos=2, y_test length=22, y_test type=<class 'pandas.core.frame.DataFrame'>, y_test shape=(22, 117)
2025-12-09 13:28:13 - src.evaluation.evaluation - INFO - Horizon 3: After extraction - has_pred=True, has_true=True
2025-12-09 13:28:13 - src.evaluation.evaluation - INFO - Horizon 4: Using prediction from batch, type=<class 'pandas.core.series.Series'>, shape=(1,), length=1
2025-12-09 13:28:13 - src.evaluation.evaluation - INFO - Horizon 4: test_pos=3, y_test length=22, y_test type=<class 'pandas.core.frame.DataFrame'>, y_test shape=(22, 117)
2025-12-09 13:28:13 - src.evaluation.evaluation - INFO - Horizon 4: After extraction - has_pred=True, has_true=True
2025-12-09 13:28:13 - src.evaluation.evaluation - INFO - Horizon 5: Using prediction from batch, type=<class 'pandas.core.series.Series'>, shape=(1,), length=1
2025-12-09 13:28:13 - src.evaluation.evaluation - INFO - Horizon 5: test_pos=4, y_test length=22, y_test type=<class 'pandas.core.frame.DataFrame'>, y_test shape=(22, 117)
2025-12-09 13:28:13 - src.evaluation.evaluation - INFO - Horizon 5: After extraction - has_pred=True, has_true=True
2025-12-09 13:28:13 - src.evaluation.evaluation - INFO - Horizon 6: Using prediction from batch, type=<class 'pandas.core.series.Series'>, shape=(1,), length=1
2025-12-09 13:28:13 - src.evaluation.evaluation - INFO - Horizon 6: test_pos=5, y_test length=22, y_test type=<class 'pandas.core.frame.DataFrame'>, y_test shape=(22, 117)
2025-12-09 13:28:13 - src.evaluation.evaluation - INFO - Horizon 6: After extraction - has_pred=True, has_true=True
2025-12-09 13:28:13 - src.evaluation.evaluation - INFO - Horizon 7: Using prediction from batch, type=<class 'pandas.core.series.Series'>, shape=(1,), length=1
2025-12-09 13:28:13 - src.evaluation.evaluation - INFO - Horizon 7: test_pos=6, y_test length=22, y_test type=<class 'pandas.core.frame.DataFrame'>, y_test shape=(22, 117)
2025-12-09 13:28:13 - src.evaluation.evaluation - INFO - Horizon 7: After extraction - has_pred=True, has_true=True
2025-12-09 13:28:13 - src.evaluation.evaluation - INFO - Horizon 8: Using prediction from batch, type=<class 'pandas.core.series.Series'>, shape=(1,), length=1
2025-12-09 13:28:13 - src.evaluation.evaluation - INFO - Horizon 8: test_pos=7, y_test length=22, y_test type=<class 'pandas.core.frame.DataFrame'>, y_test shape=(22, 117)
2025-12-09 13:28:13 - src.evaluation.evaluation - INFO - Horizon 8: After extraction - has_pred=True, has_true=True
2025-12-09 13:28:13 - src.evaluation.evaluation - INFO - Horizon 9: Using prediction from batch, type=<class 'pandas.core.series.Series'>, shape=(1,), length=1
2025-12-09 13:28:13 - src.evaluation.evaluation - INFO - Horizon 9: test_pos=8, y_test length=22, y_test type=<class 'pandas.core.frame.DataFrame'>, y_test shape=(22, 117)
2025-12-09 13:28:13 - src.evaluation.evaluation - INFO - Horizon 9: After extraction - has_pred=True, has_true=True
2025-12-09 13:28:13 - src.evaluation.evaluation - INFO - Horizon 10: Using prediction from batch, type=<class 'pandas.core.series.Series'>, shape=(1,), length=1
2025-12-09 13:28:13 - src.evaluation.evaluation - INFO - Horizon 10: test_pos=9, y_test length=22, y_test type=<class 'pandas.core.frame.DataFrame'>, y_test shape=(22, 117)
2025-12-09 13:28:13 - src.evaluation.evaluation - INFO - Horizon 10: After extraction - has_pred=True, has_true=True
2025-12-09 13:28:13 - src.evaluation.evaluation - INFO - Horizon 11: Using prediction from batch, type=<class 'pandas.core.series.Series'>, shape=(1,), length=1
2025-12-09 13:28:13 - src.evaluation.evaluation - INFO - Horizon 11: test_pos=10, y_test length=22, y_test type=<class 'pandas.core.frame.DataFrame'>, y_test shape=(22, 117)
2025-12-09 13:28:13 - src.evaluation.evaluation - INFO - Horizon 11: After extraction - has_pred=True, has_true=True
2025-12-09 13:28:13 - src.evaluation.evaluation - INFO - Horizon 12: Using prediction from batch, type=<class 'pandas.core.series.Series'>, shape=(1,), length=1
2025-12-09 13:28:13 - src.evaluation.evaluation - INFO - Horizon 12: test_pos=11, y_test length=22, y_test type=<class 'pandas.core.frame.DataFrame'>, y_test shape=(22, 117)
2025-12-09 13:28:13 - src.evaluation.evaluation - INFO - Horizon 12: After extraction - has_pred=True, has_true=True
2025-12-09 13:28:13 - src.evaluation.evaluation - INFO - Horizon 13: Using prediction from batch, type=<class 'pandas.core.series.Series'>, shape=(1,), length=1
2025-12-09 13:28:13 - src.evaluation.evaluation - INFO - Horizon 13: test_pos=12, y_test length=22, y_test type=<class 'pandas.core.frame.DataFrame'>, y_test shape=(22, 117)
2025-12-09 13:28:13 - src.evaluation.evaluation - INFO - Horizon 13: After extraction - has_pred=True, has_true=True
2025-12-09 13:28:13 - src.evaluation.evaluation - INFO - Horizon 14: Using prediction from batch, type=<class 'pandas.core.series.Series'>, shape=(1,), length=1
2025-12-09 13:28:13 - src.evaluation.evaluation - INFO - Horizon 14: test_pos=13, y_test length=22, y_test type=<class 'pandas.core.frame.DataFrame'>, y_test shape=(22, 117)
2025-12-09 13:28:13 - src.evaluation.evaluation - INFO - Horizon 14: After extraction - has_pred=True, has_true=True
2025-12-09 13:28:13 - src.evaluation.evaluation - INFO - Horizon 15: Using prediction from batch, type=<class 'pandas.core.series.Series'>, shape=(1,), length=1
2025-12-09 13:28:13 - src.evaluation.evaluation - INFO - Horizon 15: test_pos=14, y_test length=22, y_test type=<class 'pandas.core.frame.DataFrame'>, y_test shape=(22, 117)
2025-12-09 13:28:13 - src.evaluation.evaluation - INFO - Horizon 15: After extraction - has_pred=True, has_true=True
2025-12-09 13:28:13 - src.evaluation.evaluation - INFO - Horizon 16: Using prediction from batch, type=<class 'pandas.core.series.Series'>, shape=(1,), length=1
2025-12-09 13:28:13 - src.evaluation.evaluation - INFO - Horizon 16: test_pos=15, y_test length=22, y_test type=<class 'pandas.core.frame.DataFrame'>, y_test shape=(22, 117)
2025-12-09 13:28:13 - src.evaluation.evaluation - INFO - Horizon 16: After extraction - has_pred=True, has_true=True
2025-12-09 13:28:13 - src.evaluation.evaluation - INFO - Horizon 17: Using prediction from batch, type=<class 'pandas.core.series.Series'>, shape=(1,), length=1
2025-12-09 13:28:13 - src.evaluation.evaluation - INFO - Horizon 17: test_pos=16, y_test length=22, y_test type=<class 'pandas.core.frame.DataFrame'>, y_test shape=(22, 117)
2025-12-09 13:28:13 - src.evaluation.evaluation - INFO - Horizon 17: After extraction - has_pred=True, has_true=True
2025-12-09 13:28:13 - src.evaluation.evaluation - INFO - Horizon 18: Using prediction from batch, type=<class 'pandas.core.series.Series'>, shape=(1,), length=1
2025-12-09 13:28:13 - src.evaluation.evaluation - INFO - Horizon 18: test_pos=17, y_test length=22, y_test type=<class 'pandas.core.frame.DataFrame'>, y_test shape=(22, 117)
2025-12-09 13:28:13 - src.evaluation.evaluation - INFO - Horizon 18: After extraction - has_pred=True, has_true=True
2025-12-09 13:28:13 - src.evaluation.evaluation - INFO - Horizon 19: Using prediction from batch, type=<class 'pandas.core.series.Series'>, shape=(1,), length=1
2025-12-09 13:28:13 - src.evaluation.evaluation - INFO - Horizon 19: test_pos=18, y_test length=22, y_test type=<class 'pandas.core.frame.DataFrame'>, y_test shape=(22, 117)
2025-12-09 13:28:13 - src.evaluation.evaluation - INFO - Horizon 19: After extraction - has_pred=True, has_true=True
2025-12-09 13:28:13 - src.evaluation.evaluation - INFO - Horizon 20: Using prediction from batch, type=<class 'pandas.core.series.Series'>, shape=(1,), length=1
2025-12-09 13:28:13 - src.evaluation.evaluation - INFO - Horizon 20: test_pos=19, y_test length=22, y_test type=<class 'pandas.core.frame.DataFrame'>, y_test shape=(22, 117)
2025-12-09 13:28:13 - src.evaluation.evaluation - INFO - Horizon 20: After extraction - has_pred=True, has_true=True
2025-12-09 13:28:13 - src.evaluation.evaluation - INFO - Horizon 21: Using prediction from batch, type=<class 'pandas.core.series.Series'>, shape=(1,), length=1
2025-12-09 13:28:13 - src.evaluation.evaluation - INFO - Horizon 21: test_pos=20, y_test length=22, y_test type=<class 'pandas.core.frame.DataFrame'>, y_test shape=(22, 117)
2025-12-09 13:28:13 - src.evaluation.evaluation - INFO - Horizon 21: After extraction - has_pred=True, has_true=True
2025-12-09 13:28:13 - src.evaluation.evaluation - INFO - Horizon 22: Using prediction from batch, type=<class 'pandas.core.series.Series'>, shape=(1,), length=1
2025-12-09 13:28:13 - src.evaluation.evaluation - INFO - Horizon 22: test_pos=21, y_test length=22, y_test type=<class 'pandas.core.frame.DataFrame'>, y_test shape=(22, 117)
2025-12-09 13:28:13 - src.evaluation.evaluation - INFO - Horizon 22: After extraction - has_pred=True, has_true=True
2025-12-09 13:28:13 - src.evaluation.evaluation - WARNING - calculate_standardized_metrics: mask is all False! y_true_arr finite=0, y_pred_arr finite=1
2025-12-09 13:28:13 - src.evaluation.evaluation - WARNING - calculate_standardized_metrics: y_true_arr has NaN=1, y_pred_arr has NaN=0
2025-12-09 13:28:13 - src.evaluation.evaluation - WARNING - calculate_standardized_metrics: y_true_arr has Inf=0, y_pred_arr has Inf=0
/data/nowcasting-kr/src/evaluation/evaluation_metrics.py:219: RuntimeWarning: Mean of empty slice
  mse = np.nanmean(mse_per_series)
/data/nowcasting-kr/src/evaluation/evaluation_metrics.py:220: RuntimeWarning: Mean of empty slice
  mae = np.nanmean(mae_per_series)
/data/nowcasting-kr/src/evaluation/evaluation_metrics.py:221: RuntimeWarning: Mean of empty slice
  rmse = np.nanmean(rmse_per_series)

✓ Comparison saved to: /data/nowcasting-kr/outputs/comparisons/KOIPALL.G
