Warning: Series A001 with frequency 'w' is incompatible with first block clock 'm'. Skipping.
Warning: Series KOBDY10 with frequency 'w' is incompatible with first block clock 'm'. Skipping.
Warning: Series KOCBNG3 with frequency 'w' is incompatible with first block clock 'm'. Skipping.
Warning: Series KORCOMP with frequency 'w' is incompatible with first block clock 'm'. Skipping.
Warning: Series KORELEC with frequency 'w' is incompatible with first block clock 'm'. Skipping.
Warning: Series USEPUPO with frequency 'w' is incompatible with first block clock 'm'. Skipping.
Warning: Series USSKORW with frequency 'w' is incompatible with first block clock 'm'. Skipping.
Training data period: 1985-01-04 00:00:00 to 2019-12-31 00:00:00 (1985-2019 enforced)
Original data frequency: Weekly (2184 points)
All models will use monthly frequency (window-averaged from weekly data)

======================================================================
Training DDFM model
======================================================================
Config: experiment/production_koipallg_report
Data: data/data.csv
Epochs: 100, Encoder layers: [64, 32], Factors: 3, Series: 33 (filtered from config, target_series included)
2025-12-07 20:35:22 - dfm_python.trainer - WARNING - Trainer logger setup failed: TensorBoard not available, using CSVLogger. Please install tensorboard if you need TensorBoard logging.
GPU available: True (cuda), used: True
TPU available: False, using: 0 TPU cores
/data/nowcasting-kr/.venv/lib/python3.12/site-packages/pytorch_lightning/trainer/configuration_validator.py:68: You passed in a `val_dataloader` but have no `validation_step`. Skipping val loop.
You are using a CUDA device ('NVIDIA GeForce RTX 5090') that has Tensor Cores. To properly utilize them, you should set `torch.set_float32_matmul_precision('medium' | 'high')` which will trade-off precision for performance. For more details, read https://pytorch.org/docs/stable/generated/torch.set_float32_matmul_precision.html#torch.set_float32_matmul_precision
LOCAL_RANK: 0 - CUDA_VISIBLE_DEVICES: [0]
┏━━━┳━━━━━━━━━┳━━━━━━━━━┳━━━━━━━━┳━━━━━━━┳━━━━━━━┓
┃   ┃ Name    ┃ Type    ┃ Params ┃ Mode  ┃ FLOPs ┃
┡━━━╇━━━━━━━━━╇━━━━━━━━━╇━━━━━━━━╇━━━━━━━╇━━━━━━━┩
│ 0 │ encoder │ Encoder │  4.5 K │ train │     0 │
│ 1 │ decoder │ Decoder │    132 │ train │     0 │
└───┴─────────┴─────────┴────────┴───────┴───────┘
Trainable params: 4.7 K                                                         
Non-trainable params: 0                                                         
Total params: 4.7 K                                                             
Total estimated model params size (MB): 0                                       
Modules in train mode: 11                                                       
Modules in eval mode: 0                                                         
Total FLOPs: 0                                                                  
/data/nowcasting-kr/.venv/lib/python3.12/site-packages/pytorch_lightning/trainer/connectors/data_connector.py:434: The 'train_dataloader' does not have many workers which may be a bottleneck. Consider increasing the value of the `num_workers` argument` to `num_workers=15` in the `DataLoader` to improve performance.
/data/nowcasting-kr/.venv/lib/python3.12/site-packages/pytorch_lightning/loops/fit_loop.py:317: The number of training batches (1) is smaller than the logging interval Trainer(log_every_n_steps=50). Set a lower value for log_every_n_steps if you want to see logs for the training epoch.
2025-12-07 20:35:23 - dfm_python.models.ddfm - INFO - DDFM pre_train: 6204 non-missing observations (>= 50), using non-missing data only for pre-training
2025-12-07 20:35:23 - dfm_python.models.ddfm - INFO - DDFM pre_train: Starting pre-training for 100 epochs
2025-12-07 20:35:23 - dfm_python.models.ddfm - INFO - DDFM pre_train: Epoch 1/100, loss=1.107522
2025-12-07 20:35:23 - dfm_python.models.ddfm - INFO - DDFM pre_train: Epoch 10/100, loss=0.951197
2025-12-07 20:35:23 - dfm_python.models.ddfm - INFO - DDFM pre_train: Epoch 20/100, loss=0.851237
2025-12-07 20:35:23 - dfm_python.models.ddfm - INFO - DDFM pre_train: Epoch 30/100, loss=0.752599
2025-12-07 20:35:23 - dfm_python.models.ddfm - INFO - DDFM pre_train: Epoch 40/100, loss=0.668496
2025-12-07 20:35:23 - dfm_python.models.ddfm - INFO - DDFM pre_train: Epoch 50/100, loss=0.619867
2025-12-07 20:35:23 - dfm_python.models.ddfm - INFO - DDFM pre_train: Epoch 60/100, loss=0.594558
2025-12-07 20:35:23 - dfm_python.models.ddfm - INFO - DDFM pre_train: Epoch 70/100, loss=0.578256
2025-12-07 20:35:23 - dfm_python.models.ddfm - INFO - DDFM pre_train: Epoch 80/100, loss=0.570333
2025-12-07 20:35:23 - dfm_python.models.ddfm - INFO - DDFM pre_train: Epoch 90/100, loss=0.567432
2025-12-07 20:35:23 - dfm_python.models.ddfm - INFO - DDFM pre_train: Epoch 100/100, loss=0.558781
2025-12-07 20:35:23 - dfm_python.models.ddfm - INFO - DDFM pre_train: Pre-training completed
2025-12-07 20:35:23 - dfm_python.models.ddfm - INFO - Starting MCMC training: max_iter=200, tolerance=0.0005, epochs_per_iter=100
2025-12-07 20:35:25 - dfm_python.models.ddfm - INFO - Convergence achieved in 8 iterations: loss=0.000470, delta=0.000470 < 0.0005
Metric train_loss improved. New best score: 0.546
Metric train_loss improved by 0.001 >= min_delta = 1e-06. New best score: 0.544
Metric train_loss improved by 0.000 >= min_delta = 1e-06. New best score: 0.544
Metric train_loss improved by 0.001 >= min_delta = 1e-06. New best score: 0.544
Metric train_loss improved by 0.000 >= min_delta = 1e-06. New best score: 0.543
Metric train_loss improved by 0.000 >= min_delta = 1e-06. New best score: 0.543
Metric train_loss improved by 0.000 >= min_delta = 1e-06. New best score: 0.543
Metric train_loss improved by 0.000 >= min_delta = 1e-06. New best score: 0.543
Metric train_loss improved by 0.000 >= min_delta = 1e-06. New best score: 0.542
Metric train_loss improved by 0.000 >= min_delta = 1e-06. New best score: 0.542
Metric train_loss improved by 0.000 >= min_delta = 1e-06. New best score: 0.542
Metric train_loss improved by 0.000 >= min_delta = 1e-06. New best score: 0.542
Metric train_loss improved by 0.000 >= min_delta = 1e-06. New best score: 0.542
Metric train_loss improved by 0.000 >= min_delta = 1e-06. New best score: 0.542
Metric train_loss improved by 0.000 >= min_delta = 1e-06. New best score: 0.541
Metric train_loss improved by 0.000 >= min_delta = 1e-06. New best score: 0.541
Metric train_loss improved by 0.000 >= min_delta = 1e-06. New best score: 0.541
Metric train_loss improved by 0.000 >= min_delta = 1e-06. New best score: 0.541
Metric train_loss improved by 0.000 >= min_delta = 1e-06. New best score: 0.541
Metric train_loss improved by 0.000 >= min_delta = 1e-06. New best score: 0.541
Metric train_loss improved by 0.000 >= min_delta = 1e-06. New best score: 0.541
Metric train_loss improved by 0.000 >= min_delta = 1e-06. New best score: 0.541
Metric train_loss improved by 0.000 >= min_delta = 1e-06. New best score: 0.541
Metric train_loss improved by 0.000 >= min_delta = 1e-06. New best score: 0.541
Metric train_loss improved by 0.000 >= min_delta = 1e-06. New best score: 0.541
Metric train_loss improved by 0.000 >= min_delta = 1e-06. New best score: 0.541
Metric train_loss improved by 0.000 >= min_delta = 1e-06. New best score: 0.541
Metric train_loss improved by 0.000 >= min_delta = 1e-06. New best score: 0.541
Metric train_loss improved by 0.000 >= min_delta = 1e-06. New best score: 0.541
Metric train_loss improved by 0.000 >= min_delta = 1e-06. New best score: 0.541
Metric train_loss improved by 0.000 >= min_delta = 1e-06. New best score: 0.541
Metric train_loss improved by 0.000 >= min_delta = 1e-06. New best score: 0.541
Metric train_loss improved by 0.000 >= min_delta = 1e-06. New best score: 0.541
Metric train_loss improved by 0.000 >= min_delta = 1e-06. New best score: 0.541
Metric train_loss improved by 0.000 >= min_delta = 1e-06. New best score: 0.541
Metric train_loss improved by 0.000 >= min_delta = 1e-06. New best score: 0.540
Metric train_loss improved by 0.000 >= min_delta = 1e-06. New best score: 0.540
Metric train_loss improved by 0.000 >= min_delta = 1e-06. New best score: 0.540
Metric train_loss improved by 0.000 >= min_delta = 1e-06. New best score: 0.540
Metric train_loss improved by 0.000 >= min_delta = 1e-06. New best score: 0.540
Metric train_loss improved by 0.000 >= min_delta = 1e-06. New best score: 0.540
Metric train_loss improved by 0.000 >= min_delta = 1e-06. New best score: 0.540
Metric train_loss improved by 0.000 >= min_delta = 1e-06. New best score: 0.540
Metric train_loss improved by 0.000 >= min_delta = 1e-06. New best score: 0.540
Metric train_loss improved by 0.000 >= min_delta = 1e-06. New best score: 0.540
Metric train_loss improved by 0.000 >= min_delta = 1e-06. New best score: 0.540
Metric train_loss improved by 0.000 >= min_delta = 1e-06. New best score: 0.540
Metric train_loss improved by 0.000 >= min_delta = 1e-06. New best score: 0.540
Metric train_loss improved by 0.000 >= min_delta = 1e-06. New best score: 0.540
Metric train_loss improved by 0.000 >= min_delta = 1e-06. New best score: 0.540
Metric train_loss improved by 0.000 >= min_delta = 1e-06. New best score: 0.540
Metric train_loss improved by 0.000 >= min_delta = 1e-06. New best score: 0.540
Metric train_loss improved by 0.000 >= min_delta = 1e-06. New best score: 0.540
Metric train_loss improved by 0.000 >= min_delta = 1e-06. New best score: 0.540
Metric train_loss improved by 0.000 >= min_delta = 1e-06. New best score: 0.540
Metric train_loss improved by 0.000 >= min_delta = 1e-06. New best score: 0.540
Metric train_loss improved by 0.000 >= min_delta = 1e-06. New best score: 0.540
Metric train_loss improved by 0.000 >= min_delta = 1e-06. New best score: 0.540
Metric train_loss improved by 0.000 >= min_delta = 1e-06. New best score: 0.540
Metric train_loss improved by 0.000 >= min_delta = 1e-06. New best score: 0.540
Metric train_loss improved by 0.000 >= min_delta = 1e-06. New best score: 0.540
Metric train_loss improved by 0.000 >= min_delta = 1e-06. New best score: 0.540
Metric train_loss improved by 0.000 >= min_delta = 1e-06. New best score: 0.540
Metric train_loss improved by 0.000 >= min_delta = 1e-06. New best score: 0.540
Metric train_loss improved by 0.000 >= min_delta = 1e-06. New best score: 0.540
Metric train_loss improved by 0.000 >= min_delta = 1e-06. New best score: 0.540
Metric train_loss improved by 0.000 >= min_delta = 1e-06. New best score: 0.540
Metric train_loss improved by 0.000 >= min_delta = 1e-06. New best score: 0.540
Metric train_loss improved by 0.000 >= min_delta = 1e-06. New best score: 0.540
Metric train_loss improved by 0.000 >= min_delta = 1e-06. New best score: 0.540
Metric train_loss improved by 0.000 >= min_delta = 1e-06. New best score: 0.540
Metric train_loss improved by 0.000 >= min_delta = 1e-06. New best score: 0.540
Metric train_loss improved by 0.000 >= min_delta = 1e-06. New best score: 0.540
Metric train_loss improved by 0.000 >= min_delta = 1e-06. New best score: 0.540
Metric train_loss improved by 0.000 >= min_delta = 1e-06. New best score: 0.540
Metric train_loss improved by 0.000 >= min_delta = 1e-06. New best score: 0.540
Metric train_loss improved by 0.000 >= min_delta = 1e-06. New best score: 0.540
Metric train_loss improved by 0.000 >= min_delta = 1e-06. New best score: 0.540
Metric train_loss improved by 0.000 >= min_delta = 1e-06. New best score: 0.540
Metric train_loss improved by 0.000 >= min_delta = 1e-06. New best score: 0.540
Metric train_loss improved by 0.000 >= min_delta = 1e-06. New best score: 0.540
Metric train_loss improved by 0.000 >= min_delta = 1e-06. New best score: 0.540
Metric train_loss improved by 0.000 >= min_delta = 1e-06. New best score: 0.540
Metric train_loss improved by 0.000 >= min_delta = 1e-06. New best score: 0.540
Metric train_loss improved by 0.000 >= min_delta = 1e-06. New best score: 0.540
Metric train_loss improved by 0.000 >= min_delta = 1e-06. New best score: 0.540
Metric train_loss improved by 0.000 >= min_delta = 1e-06. New best score: 0.540
Metric train_loss improved by 0.000 >= min_delta = 1e-06. New best score: 0.540
Metric train_loss improved by 0.000 >= min_delta = 1e-06. New best score: 0.540
Metric train_loss improved by 0.000 >= min_delta = 1e-06. New best score: 0.540
Metric train_loss improved by 0.000 >= min_delta = 1e-06. New best score: 0.540
Metric train_loss improved by 0.000 >= min_delta = 1e-06. New best score: 0.540
Metric train_loss improved by 0.000 >= min_delta = 1e-06. New best score: 0.540
Metric train_loss improved by 0.000 >= min_delta = 1e-06. New best score: 0.540
Metric train_loss improved by 0.000 >= min_delta = 1e-06. New best score: 0.540
Metric train_loss improved by 0.000 >= min_delta = 1e-06. New best score: 0.540
Metric train_loss improved by 0.000 >= min_delta = 1e-06. New best score: 0.540
`Trainer.fit` stopped: `max_epochs=100` reached.
2025-12-07 20:35:25 - dfm_python.models.ddfm - INFO - DDFM get_result: C matrix statistics - mean=0.023434, std=0.348583, min=-0.633420, max=0.667367, nonzero=99/99 (100.0%), zero_ratio=0.0%
======================================================================

Saved model checkpoint: checkpoint/KOIPALL.G_ddfm/model.pkl
2025-12-07 20:35:25 - dfm_python.models.ddfm - INFO - DDFM get_result: C matrix statistics - mean=0.023434, std=0.348583, min=-0.633420, max=0.667367, nonzero=99/99 (100.0%), zero_ratio=0.0%

✓ Model saved to: checkpoint/KOIPALL.G_ddfm
