Warning: Series A001 with frequency 'w' is incompatible with first block clock 'm'. Skipping.
Warning: Series KOBDY10 with frequency 'w' is incompatible with first block clock 'm'. Skipping.
Warning: Series KOCBNG3 with frequency 'w' is incompatible with first block clock 'm'. Skipping.
Warning: Series KORCOMP with frequency 'w' is incompatible with first block clock 'm'. Skipping.
Warning: Series KORFBEV with frequency 'w' is incompatible with first block clock 'm'. Skipping.
Warning: Series KORWHLS with frequency 'w' is incompatible with first block clock 'm'. Skipping.
Warning: Series USEPUPO with frequency 'w' is incompatible with first block clock 'm'. Skipping.
Warning: Series USSKORW with frequency 'w' is incompatible with first block clock 'm'. Skipping.
Training data period: 1985-01-04 00:00:00 to 2019-12-31 00:00:00 (1985-2019 enforced)
Original data frequency: Weekly (2184 points)
All models will use monthly frequency (window-averaged from weekly data)

======================================================================
Training DDFM model
======================================================================
Config: experiment/consumption_kowrccnse_report
Data: data/data.csv
Epochs: 100, Encoder layers: [64, 32], Factors: 3, Series: 39 (filtered from config, target_series included)
2025-12-08 00:47:54 - dfm_python.trainer - WARNING - Trainer logger setup failed: TensorBoard not available, using CSVLogger. Please install tensorboard if you need TensorBoard logging.
2025-12-08 00:47:54 - dfm_python.trainer - WARNING - Trainer logger setup failed: TensorBoard not available, using CSVLogger. Please install tensorboard if you need TensorBoard logging.
GPU available: True (cuda), used: True
TPU available: False, using: 0 TPU cores
/data/nowcasting-kr/.venv/lib/python3.12/site-packages/pytorch_lightning/trainer/configuration_validator.py:68: You passed in a `val_dataloader` but have no `validation_step`. Skipping val loop.
You are using a CUDA device ('NVIDIA GeForce RTX 5090') that has Tensor Cores. To properly utilize them, you should set `torch.set_float32_matmul_precision('medium' | 'high')` which will trade-off precision for performance. For more details, read https://pytorch.org/docs/stable/generated/torch.set_float32_matmul_precision.html#torch.set_float32_matmul_precision
LOCAL_RANK: 0 - CUDA_VISIBLE_DEVICES: [0]
┏━━━┳━━━━━━━━━┳━━━━━━━━━┳━━━━━━━━┳━━━━━━━┳━━━━━━━┓
┃   ┃ Name    ┃ Type    ┃ Params ┃ Mode  ┃ FLOPs ┃
┡━━━╇━━━━━━━━━╇━━━━━━━━━╇━━━━━━━━╇━━━━━━━╇━━━━━━━┩
│ 0 │ encoder │ Encoder │  4.9 K │ train │     0 │
│ 1 │ decoder │ Decoder │    156 │ train │     0 │
└───┴─────────┴─────────┴────────┴───────┴───────┘
Trainable params: 5.1 K                                                         
Non-trainable params: 0                                                         
Total params: 5.1 K                                                             
Total estimated model params size (MB): 0                                       
Modules in train mode: 11                                                       
Modules in eval mode: 0                                                         
Total FLOPs: 0                                                                  
/data/nowcasting-kr/.venv/lib/python3.12/site-packages/pytorch_lightning/trainer/connectors/data_connector.py:434: The 'train_dataloader' does not have many workers which may be a bottleneck. Consider increasing the value of the `num_workers` argument` to `num_workers=15` in the `DataLoader` to improve performance.
/data/nowcasting-kr/.venv/lib/python3.12/site-packages/pytorch_lightning/loops/fit_loop.py:317: The number of training batches (1) is smaller than the logging interval Trainer(log_every_n_steps=50). Set a lower value for log_every_n_steps if you want to see logs for the training epoch.
2025-12-08 00:47:54 - dfm_python.models.ddfm - INFO - DDFM pre_train: 16263 non-missing observations (>= 50), using non-missing data only for pre-training
2025-12-08 00:47:54 - dfm_python.models.ddfm - INFO - DDFM pre_train: 16263 non-missing observations (>= 50), using non-missing data only for pre-training
2025-12-08 00:47:54 - dfm_python.models.ddfm - INFO - DDFM pre_train: Starting pre-training for 100 epochs
2025-12-08 00:47:54 - dfm_python.models.ddfm - INFO - DDFM pre_train: Starting pre-training for 100 epochs
2025-12-08 00:47:54 - dfm_python.models.ddfm - INFO - DDFM pre_train: Epoch 1/100, loss=1.101123
2025-12-08 00:47:54 - dfm_python.models.ddfm - INFO - DDFM pre_train: Epoch 1/100, loss=1.101123
2025-12-08 00:47:55 - dfm_python.models.ddfm - INFO - DDFM pre_train: Epoch 10/100, loss=0.774239
2025-12-08 00:47:55 - dfm_python.models.ddfm - INFO - DDFM pre_train: Epoch 10/100, loss=0.774239
2025-12-08 00:47:55 - dfm_python.models.ddfm - INFO - DDFM pre_train: Epoch 20/100, loss=0.698694
2025-12-08 00:47:55 - dfm_python.models.ddfm - INFO - DDFM pre_train: Epoch 20/100, loss=0.698694
2025-12-08 00:47:55 - dfm_python.models.ddfm - INFO - DDFM pre_train: Epoch 30/100, loss=0.648155
2025-12-08 00:47:55 - dfm_python.models.ddfm - INFO - DDFM pre_train: Epoch 30/100, loss=0.648155
2025-12-08 00:47:55 - dfm_python.models.ddfm - INFO - DDFM pre_train: Epoch 40/100, loss=0.661888
2025-12-08 00:47:55 - dfm_python.models.ddfm - INFO - DDFM pre_train: Epoch 40/100, loss=0.661888
2025-12-08 00:47:55 - dfm_python.models.ddfm - INFO - DDFM pre_train: Epoch 50/100, loss=0.657958
2025-12-08 00:47:55 - dfm_python.models.ddfm - INFO - DDFM pre_train: Epoch 50/100, loss=0.657958
2025-12-08 00:47:55 - dfm_python.models.ddfm - INFO - DDFM pre_train: Epoch 60/100, loss=0.589140
2025-12-08 00:47:55 - dfm_python.models.ddfm - INFO - DDFM pre_train: Epoch 60/100, loss=0.589140
2025-12-08 00:47:55 - dfm_python.models.ddfm - INFO - DDFM pre_train: Epoch 70/100, loss=0.576544
2025-12-08 00:47:55 - dfm_python.models.ddfm - INFO - DDFM pre_train: Epoch 70/100, loss=0.576544
2025-12-08 00:47:55 - dfm_python.models.ddfm - INFO - DDFM pre_train: Epoch 80/100, loss=0.580553
2025-12-08 00:47:55 - dfm_python.models.ddfm - INFO - DDFM pre_train: Epoch 80/100, loss=0.580553
2025-12-08 00:47:55 - dfm_python.models.ddfm - INFO - DDFM pre_train: Epoch 90/100, loss=0.585665
2025-12-08 00:47:55 - dfm_python.models.ddfm - INFO - DDFM pre_train: Epoch 90/100, loss=0.585665
2025-12-08 00:47:55 - dfm_python.models.ddfm - INFO - DDFM pre_train: Epoch 100/100, loss=0.656663
2025-12-08 00:47:55 - dfm_python.models.ddfm - INFO - DDFM pre_train: Epoch 100/100, loss=0.656663
2025-12-08 00:47:55 - dfm_python.models.ddfm - INFO - DDFM pre_train: Pre-training completed
2025-12-08 00:47:55 - dfm_python.models.ddfm - INFO - DDFM pre_train: Pre-training completed
2025-12-08 00:47:55 - dfm_python.models.ddfm - INFO - Starting MCMC training: max_iter=200, tolerance=0.0005, epochs_per_iter=100
2025-12-08 00:47:55 - dfm_python.models.ddfm - INFO - Starting MCMC training: max_iter=200, tolerance=0.0005, epochs_per_iter=100
2025-12-08 00:48:00 - dfm_python.models.ddfm - INFO - Iteration 10/200: loss=0.001319, delta=0.001319
2025-12-08 00:48:00 - dfm_python.models.ddfm - INFO - Iteration 10/200: loss=0.001319, delta=0.001319
2025-12-08 00:48:06 - dfm_python.models.ddfm - INFO - Iteration 20/200: loss=0.001294, delta=0.001294
2025-12-08 00:48:06 - dfm_python.models.ddfm - INFO - Iteration 20/200: loss=0.001294, delta=0.001294
2025-12-08 00:48:11 - dfm_python.models.ddfm - INFO - Iteration 30/200: loss=0.001819, delta=0.001819
2025-12-08 00:48:11 - dfm_python.models.ddfm - INFO - Iteration 30/200: loss=0.001819, delta=0.001819
2025-12-08 00:48:16 - dfm_python.models.ddfm - INFO - Iteration 40/200: loss=0.001409, delta=0.001409
2025-12-08 00:48:16 - dfm_python.models.ddfm - INFO - Iteration 40/200: loss=0.001409, delta=0.001409
2025-12-08 00:48:22 - dfm_python.models.ddfm - INFO - Iteration 50/200: loss=0.001921, delta=0.001921
2025-12-08 00:48:22 - dfm_python.models.ddfm - INFO - Iteration 50/200: loss=0.001921, delta=0.001921
2025-12-08 00:48:27 - dfm_python.models.ddfm - INFO - Iteration 60/200: loss=0.002189, delta=0.002189
2025-12-08 00:48:27 - dfm_python.models.ddfm - INFO - Iteration 60/200: loss=0.002189, delta=0.002189
2025-12-08 00:48:32 - dfm_python.models.ddfm - INFO - Iteration 70/200: loss=0.001861, delta=0.001861
2025-12-08 00:48:32 - dfm_python.models.ddfm - INFO - Iteration 70/200: loss=0.001861, delta=0.001861
2025-12-08 00:48:38 - dfm_python.models.ddfm - INFO - Iteration 80/200: loss=0.001236, delta=0.001236
2025-12-08 00:48:38 - dfm_python.models.ddfm - INFO - Iteration 80/200: loss=0.001236, delta=0.001236
2025-12-08 00:48:43 - dfm_python.models.ddfm - INFO - Iteration 90/200: loss=0.001706, delta=0.001706
2025-12-08 00:48:43 - dfm_python.models.ddfm - INFO - Iteration 90/200: loss=0.001706, delta=0.001706
2025-12-08 00:48:48 - dfm_python.models.ddfm - INFO - Iteration 100/200: loss=0.001492, delta=0.001492
2025-12-08 00:48:48 - dfm_python.models.ddfm - INFO - Iteration 100/200: loss=0.001492, delta=0.001492
2025-12-08 00:48:54 - dfm_python.models.ddfm - INFO - Iteration 110/200: loss=0.001689, delta=0.001689
2025-12-08 00:48:54 - dfm_python.models.ddfm - INFO - Iteration 110/200: loss=0.001689, delta=0.001689
2025-12-08 00:48:59 - dfm_python.models.ddfm - INFO - Iteration 120/200: loss=0.001418, delta=0.001418
2025-12-08 00:48:59 - dfm_python.models.ddfm - INFO - Iteration 120/200: loss=0.001418, delta=0.001418
2025-12-08 00:49:04 - dfm_python.models.ddfm - INFO - Iteration 130/200: loss=0.001171, delta=0.001171
2025-12-08 00:49:04 - dfm_python.models.ddfm - INFO - Iteration 130/200: loss=0.001171, delta=0.001171
2025-12-08 00:49:10 - dfm_python.models.ddfm - INFO - Iteration 140/200: loss=0.001424, delta=0.001424
2025-12-08 00:49:10 - dfm_python.models.ddfm - INFO - Iteration 140/200: loss=0.001424, delta=0.001424
2025-12-08 00:49:15 - dfm_python.models.ddfm - INFO - Iteration 150/200: loss=0.001258, delta=0.001258
2025-12-08 00:49:15 - dfm_python.models.ddfm - INFO - Iteration 150/200: loss=0.001258, delta=0.001258
2025-12-08 00:49:20 - dfm_python.models.ddfm - INFO - Iteration 160/200: loss=0.002047, delta=0.002047
2025-12-08 00:49:20 - dfm_python.models.ddfm - INFO - Iteration 160/200: loss=0.002047, delta=0.002047
2025-12-08 00:49:26 - dfm_python.models.ddfm - INFO - Iteration 170/200: loss=0.001647, delta=0.001647
2025-12-08 00:49:26 - dfm_python.models.ddfm - INFO - Iteration 170/200: loss=0.001647, delta=0.001647
2025-12-08 00:49:31 - dfm_python.models.ddfm - INFO - Iteration 180/200: loss=0.001241, delta=0.001241
2025-12-08 00:49:31 - dfm_python.models.ddfm - INFO - Iteration 180/200: loss=0.001241, delta=0.001241
2025-12-08 00:49:36 - dfm_python.models.ddfm - INFO - Iteration 190/200: loss=0.001637, delta=0.001637
2025-12-08 00:49:36 - dfm_python.models.ddfm - INFO - Iteration 190/200: loss=0.001637, delta=0.001637
2025-12-08 00:49:42 - dfm_python.models.ddfm - INFO - Iteration 200/200: loss=0.001528, delta=0.001528
2025-12-08 00:49:42 - dfm_python.models.ddfm - INFO - Iteration 200/200: loss=0.001528, delta=0.001528
2025-12-08 00:49:42 - dfm_python.models.ddfm - WARNING - DDFM MCMC training: convergence not achieved within 200 iterations. Final delta: 0.001528
2025-12-08 00:49:42 - dfm_python.models.ddfm - WARNING - DDFM MCMC training: convergence not achieved within 200 iterations. Final delta: 0.001528
Metric train_loss improved. New best score: 0.594
Metric train_loss improved by 0.001 >= min_delta = 1e-06. New best score: 0.593
Metric train_loss improved by 0.001 >= min_delta = 1e-06. New best score: 0.592
Metric train_loss improved by 0.001 >= min_delta = 1e-06. New best score: 0.591
Metric train_loss improved by 0.000 >= min_delta = 1e-06. New best score: 0.591
Metric train_loss improved by 0.000 >= min_delta = 1e-06. New best score: 0.591
Metric train_loss improved by 0.000 >= min_delta = 1e-06. New best score: 0.591
Metric train_loss improved by 0.000 >= min_delta = 1e-06. New best score: 0.591
Metric train_loss improved by 0.000 >= min_delta = 1e-06. New best score: 0.590
Metric train_loss improved by 0.000 >= min_delta = 1e-06. New best score: 0.590
Metric train_loss improved by 0.000 >= min_delta = 1e-06. New best score: 0.590
Metric train_loss improved by 0.000 >= min_delta = 1e-06. New best score: 0.590
Metric train_loss improved by 0.000 >= min_delta = 1e-06. New best score: 0.590
Metric train_loss improved by 0.000 >= min_delta = 1e-06. New best score: 0.590
Metric train_loss improved by 0.000 >= min_delta = 1e-06. New best score: 0.590
Metric train_loss improved by 0.000 >= min_delta = 1e-06. New best score: 0.590
Metric train_loss improved by 0.000 >= min_delta = 1e-06. New best score: 0.590
Metric train_loss improved by 0.000 >= min_delta = 1e-06. New best score: 0.590
Metric train_loss improved by 0.000 >= min_delta = 1e-06. New best score: 0.590
Metric train_loss improved by 0.000 >= min_delta = 1e-06. New best score: 0.590
Metric train_loss improved by 0.000 >= min_delta = 1e-06. New best score: 0.590
Metric train_loss improved by 0.000 >= min_delta = 1e-06. New best score: 0.589
Metric train_loss improved by 0.000 >= min_delta = 1e-06. New best score: 0.589
Metric train_loss improved by 0.000 >= min_delta = 1e-06. New best score: 0.589
Metric train_loss improved by 0.000 >= min_delta = 1e-06. New best score: 0.589
Metric train_loss improved by 0.000 >= min_delta = 1e-06. New best score: 0.589
Metric train_loss improved by 0.000 >= min_delta = 1e-06. New best score: 0.589
Metric train_loss improved by 0.000 >= min_delta = 1e-06. New best score: 0.589
Metric train_loss improved by 0.000 >= min_delta = 1e-06. New best score: 0.589
Metric train_loss improved by 0.000 >= min_delta = 1e-06. New best score: 0.589
Metric train_loss improved by 0.000 >= min_delta = 1e-06. New best score: 0.589
Metric train_loss improved by 0.000 >= min_delta = 1e-06. New best score: 0.589
Metric train_loss improved by 0.000 >= min_delta = 1e-06. New best score: 0.589
Metric train_loss improved by 0.000 >= min_delta = 1e-06. New best score: 0.589
Metric train_loss improved by 0.000 >= min_delta = 1e-06. New best score: 0.589
Metric train_loss improved by 0.000 >= min_delta = 1e-06. New best score: 0.589
Metric train_loss improved by 0.000 >= min_delta = 1e-06. New best score: 0.589
Metric train_loss improved by 0.000 >= min_delta = 1e-06. New best score: 0.589
Metric train_loss improved by 0.000 >= min_delta = 1e-06. New best score: 0.589
Metric train_loss improved by 0.000 >= min_delta = 1e-06. New best score: 0.589
Metric train_loss improved by 0.000 >= min_delta = 1e-06. New best score: 0.589
Metric train_loss improved by 0.000 >= min_delta = 1e-06. New best score: 0.589
Metric train_loss improved by 0.000 >= min_delta = 1e-06. New best score: 0.589
Metric train_loss improved by 0.000 >= min_delta = 1e-06. New best score: 0.589
Metric train_loss improved by 0.000 >= min_delta = 1e-06. New best score: 0.589
Metric train_loss improved by 0.000 >= min_delta = 1e-06. New best score: 0.589
Metric train_loss improved by 0.000 >= min_delta = 1e-06. New best score: 0.589
Metric train_loss improved by 0.000 >= min_delta = 1e-06. New best score: 0.589
Metric train_loss improved by 0.000 >= min_delta = 1e-06. New best score: 0.589
Metric train_loss improved by 0.000 >= min_delta = 1e-06. New best score: 0.589
Metric train_loss improved by 0.000 >= min_delta = 1e-06. New best score: 0.589
Metric train_loss improved by 0.000 >= min_delta = 1e-06. New best score: 0.589
Metric train_loss improved by 0.000 >= min_delta = 1e-06. New best score: 0.589
Metric train_loss improved by 0.000 >= min_delta = 1e-06. New best score: 0.589
Metric train_loss improved by 0.000 >= min_delta = 1e-06. New best score: 0.589
Metric train_loss improved by 0.000 >= min_delta = 1e-06. New best score: 0.589
Metric train_loss improved by 0.000 >= min_delta = 1e-06. New best score: 0.589
Metric train_loss improved by 0.000 >= min_delta = 1e-06. New best score: 0.589
Metric train_loss improved by 0.000 >= min_delta = 1e-06. New best score: 0.589
Metric train_loss improved by 0.000 >= min_delta = 1e-06. New best score: 0.589
Metric train_loss improved by 0.000 >= min_delta = 1e-06. New best score: 0.589
Metric train_loss improved by 0.000 >= min_delta = 1e-06. New best score: 0.589
Metric train_loss improved by 0.000 >= min_delta = 1e-06. New best score: 0.589
Metric train_loss improved by 0.000 >= min_delta = 1e-06. New best score: 0.589
Metric train_loss improved by 0.000 >= min_delta = 1e-06. New best score: 0.589
Metric train_loss improved by 0.000 >= min_delta = 1e-06. New best score: 0.589
Metric train_loss improved by 0.000 >= min_delta = 1e-06. New best score: 0.589
Metric train_loss improved by 0.000 >= min_delta = 1e-06. New best score: 0.589
Metric train_loss improved by 0.000 >= min_delta = 1e-06. New best score: 0.589
Metric train_loss improved by 0.000 >= min_delta = 1e-06. New best score: 0.589
Metric train_loss improved by 0.000 >= min_delta = 1e-06. New best score: 0.589
Metric train_loss improved by 0.000 >= min_delta = 1e-06. New best score: 0.589
Metric train_loss improved by 0.000 >= min_delta = 1e-06. New best score: 0.589
Metric train_loss improved by 0.000 >= min_delta = 1e-06. New best score: 0.589
Metric train_loss improved by 0.000 >= min_delta = 1e-06. New best score: 0.589
Metric train_loss improved by 0.000 >= min_delta = 1e-06. New best score: 0.589
Metric train_loss improved by 0.000 >= min_delta = 1e-06. New best score: 0.589
Metric train_loss improved by 0.000 >= min_delta = 1e-06. New best score: 0.589
Metric train_loss improved by 0.000 >= min_delta = 1e-06. New best score: 0.589
Metric train_loss improved by 0.000 >= min_delta = 1e-06. New best score: 0.589
Metric train_loss improved by 0.000 >= min_delta = 1e-06. New best score: 0.589
Metric train_loss improved by 0.000 >= min_delta = 1e-06. New best score: 0.589
Metric train_loss improved by 0.000 >= min_delta = 1e-06. New best score: 0.589
Metric train_loss improved by 0.000 >= min_delta = 1e-06. New best score: 0.589
Metric train_loss improved by 0.000 >= min_delta = 1e-06. New best score: 0.589
Metric train_loss improved by 0.000 >= min_delta = 1e-06. New best score: 0.589
Metric train_loss improved by 0.000 >= min_delta = 1e-06. New best score: 0.589
Metric train_loss improved by 0.000 >= min_delta = 1e-06. New best score: 0.589
Metric train_loss improved by 0.000 >= min_delta = 1e-06. New best score: 0.589
Metric train_loss improved by 0.000 >= min_delta = 1e-06. New best score: 0.589
Metric train_loss improved by 0.000 >= min_delta = 1e-06. New best score: 0.589
Metric train_loss improved by 0.000 >= min_delta = 1e-06. New best score: 0.589
Metric train_loss improved by 0.000 >= min_delta = 1e-06. New best score: 0.589
Metric train_loss improved by 0.000 >= min_delta = 1e-06. New best score: 0.589
Metric train_loss improved by 0.000 >= min_delta = 1e-06. New best score: 0.589
Metric train_loss improved by 0.000 >= min_delta = 1e-06. New best score: 0.589
Metric train_loss improved by 0.000 >= min_delta = 1e-06. New best score: 0.589
Metric train_loss improved by 0.000 >= min_delta = 1e-06. New best score: 0.589
`Trainer.fit` stopped: `max_epochs=100` reached.
2025-12-08 00:49:42 - dfm_python.models.ddfm - INFO - DDFM get_result: C matrix statistics - mean=-0.071675, std=0.335397, min=-0.690863, max=0.735721, nonzero=117/117 (100.0%), zero_ratio=0.0%
2025-12-08 00:49:42 - dfm_python.models.ddfm - INFO - DDFM get_result: C matrix statistics - mean=-0.071675, std=0.335397, min=-0.690863, max=0.735721, nonzero=117/117 (100.0%), zero_ratio=0.0%
======================================================================

Saved model checkpoint: checkpoint/KOWRCCNSE_ddfm/model.pkl
2025-12-08 00:49:42 - dfm_python.models.ddfm - INFO - DDFM get_result: C matrix statistics - mean=-0.071675, std=0.335397, min=-0.690863, max=0.735721, nonzero=117/117 (100.0%), zero_ratio=0.0%
2025-12-08 00:49:42 - dfm_python.models.ddfm - INFO - DDFM get_result: C matrix statistics - mean=-0.071675, std=0.335397, min=-0.690863, max=0.735721, nonzero=117/117 (100.0%), zero_ratio=0.0%

✓ Model saved to: checkpoint/KOWRCCNSE_ddfm
